::1 - - [25/Nov/2017:12:21:52 +0100] "GET / HTTP/1.1" 200 34619
::1 - - [25/Nov/2017:12:21:52 +0100] "GET /_next/1511608912110/manifest.js HTTP/1.1" 200 76054
::1 - - [25/Nov/2017:12:21:52 +0100] "GET /static/styles/simplemde.min.css HTTP/1.1" 200 10929
::1 - - [25/Nov/2017:12:21:52 +0100] "GET /_next/1511608912110/page/_error/index.js HTTP/1.1" 200 598190
::1 - - [25/Nov/2017:12:21:52 +0100] "GET /static/styles/markdown.css HTTP/1.1" 200 13659
::1 - - [25/Nov/2017:12:21:52 +0100] "GET /_next/1511608912110/commons.js HTTP/1.1" 200 1404624
::1 - - [25/Nov/2017:12:21:52 +0100] "GET /static/styles/styles.css HTTP/1.1" 200 1043
::1 - - [25/Nov/2017:12:21:52 +0100] "GET /_next/1511608912110/main.js HTTP/1.1" 200 1581231
::1 - - [25/Nov/2017:12:21:52 +0100] "GET /static/images/wiki.png HTTP/1.1" 200 14070
::1 - - [25/Nov/2017:12:21:52 +0100] "GET /static/styles/normalize.css HTTP/1.1" 200 1904
::1 - - [25/Nov/2017:12:21:52 +0100] "GET /_next/1511608912110/page/ HTTP/1.1" 200 10008363
::1 - - [25/Nov/2017:12:21:52 +0100] "GET /static/images/favicon.ico HTTP/1.1" 200 146846
::1 - - [25/Nov/2017:12:22:02 +0100] "GET /_next/on-demand-entries-ping?page=/ HTTP/1.1" 200 16
::1 - - [25/Nov/2017:12:22:07 +0100] "GET /_next/on-demand-entries-ping?page=/ HTTP/1.1" 200 16
::1 - - [25/Nov/2017:12:22:12 +0100] "GET /_next/on-demand-entries-ping?page=/ HTTP/1.1" 200 16
::1 - - [25/Nov/2017:12:22:17 +0100] "GET /_next/on-demand-entries-ping?page=/ HTTP/1.1" 200 16
::1 - - [25/Nov/2017:12:22:22 +0100] "GET /_next/on-demand-entries-ping?page=/ HTTP/1.1" 200 16
::1 - - [25/Nov/2017:12:22:27 +0100] "GET /_next/on-demand-entries-ping?page=/ HTTP/1.1" 200 16
::1 - - [25/Nov/2017:12:22:32 +0100] "GET /_next/on-demand-entries-ping?page=/ HTTP/1.1" 200 16
::1 - - [25/Nov/2017:12:22:37 +0100] "GET /_next/on-demand-entries-ping?page=/ HTTP/1.1" 200 16
::1 - - [25/Nov/2017:12:22:47 +0100] "GET /_next/on-demand-entries-ping?page=/ HTTP/1.1" 200 16
::1 - - [25/Nov/2017:12:23:10 +0100] "GET / HTTP/1.1" 502 16
::1 - - [25/Nov/2017:12:23:10 +0100] "GET /favicon.ico HTTP/1.1" 502 16
